[consumer] <- bench-kafka-bootstrap.kafka.svc:9092 topic=output-events engine=flink-chaos warmup=0s window=150s
[consumer] seen=29863 kept=29863 (steady)
[consumer] seen=113648 kept=113648 (steady)
[consumer] seen=196668 kept=196668 (steady)
[consumer] seen=280016 kept=280016 (steady)
[consumer] seen=363865 kept=363865 (steady)
[consumer] seen=447036 kept=447036 (steady)
[consumer] seen=530202 kept=530202 (steady)
[consumer] seen=613440 kept=613440 (steady)
[consumer] seen=680531 kept=680531 (steady)
[consumer] seen=736073 kept=736073 (steady)
[consumer] seen=898267 kept=898267 (steady)
[consumer] seen=996330 kept=996330 (steady)
[consumer] seen=1079509 kept=1079509 (steady)
[consumer] seen=1163041 kept=1163041 (steady)
[consumer] seen=1246547 kept=1246547 (steady)
[consumer] seen=1329617 kept=1329617 (steady)
[consumer] seen=1412745 kept=1412745 (steady)
[consumer] seen=1496139 kept=1496139 (steady)
[consumer] seen=1579290 kept=1579290 (steady)
[consumer] seen=1662634 kept=1662634 (steady)
[consumer] seen=1745762 kept=1745762 (steady)
[consumer] seen=1829229 kept=1829229 (steady)
[consumer] seen=1912699 kept=1912699 (steady)
[consumer] seen=1995566 kept=1995566 (steady)
[consumer] seen=2078498 kept=2078498 (steady)
[consumer] seen=2161970 kept=2161970 (steady)
[consumer] seen=2245094 kept=2245094 (steady)
[consumer] seen=2328509 kept=2328509 (steady)

========== LATENCY SUMMARY ==========
{
  "engine": "flink-chaos",
  "topic": "output-events",
  "kept_records": 2334563,
  "seen_records": 2334563,
  "window_seconds": 150,
  "warmup_seconds": 0,
  "throughput_eps": 15563.8,
  "pipeline_ms": {
    "count": 2334563,
    "p50": 6.501,
    "p95": 984.186,
    "p99": 15043.111,
    "max": 17941.627,
    "mean": 501.55
  },
  "e2e_ms": {
    "count": 2334563,
    "p50": 13.592,
    "p95": 1001.139,
    "p99": 15061.273,
    "max": 17954.932,
    "mean": 509.278
  }
}
[consumer] wrote /tmp/flink-chaos_latency.csv and /tmp/flink-chaos_summary.json
