[consumer] <- bench-kafka-bootstrap.kafka.svc:9092 topic=output-events engine=flink warmup=20s window=130s
[consumer] seen=60814 kept=0 (warmup)
[consumer] seen=227504 kept=0 (warmup)
[consumer] seen=394033 kept=0 (warmup)
[consumer] seen=561110 kept=58 (steady)
[consumer] seen=727425 kept=166373 (steady)
[consumer] seen=894206 kept=333154 (steady)
[consumer] seen=1060977 kept=499925 (steady)
[consumer] seen=1227633 kept=666581 (steady)
[consumer] seen=1394198 kept=833146 (steady)
[consumer] seen=1561315 kept=1000263 (steady)
[consumer] seen=1729050 kept=1167998 (steady)
[consumer] seen=1894938 kept=1333886 (steady)
[consumer] seen=2062760 kept=1501708 (steady)
[consumer] seen=2229628 kept=1668576 (steady)
[consumer] seen=2396055 kept=1835003 (steady)
[consumer] seen=2562406 kept=2001354 (steady)
[consumer] seen=2728686 kept=2167634 (steady)
[consumer] seen=2895725 kept=2334673 (steady)
[consumer] seen=3061666 kept=2500614 (steady)
[consumer] seen=3227307 kept=2666255 (steady)
[consumer] seen=3393730 kept=2832678 (steady)
[consumer] seen=3561770 kept=3000718 (steady)
[consumer] seen=3728044 kept=3166992 (steady)
[consumer] seen=3894462 kept=3333410 (steady)
[consumer] seen=4062733 kept=3501681 (steady)
[consumer] seen=4229070 kept=3668018 (steady)
[consumer] seen=4395902 kept=3834850 (steady)
[consumer] seen=4563512 kept=4002460 (steady)

========== LATENCY SUMMARY ==========
{
  "engine": "flink",
  "topic": "output-events",
  "kept_records": 4008251,
  "seen_records": 4569303,
  "window_seconds": 130,
  "warmup_seconds": 20,
  "throughput_eps": 30832.7,
  "pipeline_ms": {
    "count": 4008251,
    "p50": 6.844,
    "p95": 31.389,
    "p99": 46.417,
    "max": 194.841,
    "mean": 9.73
  },
  "e2e_ms": {
    "count": 4008251,
    "p50": 14.476,
    "p95": 49.718,
    "p99": 69.914,
    "max": 311.311,
    "mean": 19.73
  }
}
[consumer] wrote /tmp/flink_latency.csv and /tmp/flink_summary.json
