[consumer] <- bench-kafka-bootstrap.kafka.svc:9092 topic=output-events engine=pyflink-chaos warmup=0s window=150s
[consumer] seen=77286 kept=77286 (steady)
[consumer] seen=253203 kept=253203 (steady)
[consumer] seen=420353 kept=420353 (steady)
[consumer] seen=587025 kept=587025 (steady)
[consumer] seen=747134 kept=747134 (steady)
[consumer] seen=911313 kept=911313 (steady)
[consumer] seen=1086753 kept=1086753 (steady)
[consumer] seen=1253649 kept=1253649 (steady)
[consumer] seen=1404456 kept=1404456 (steady)
[consumer] seen=1543261 kept=1543261 (steady)
[consumer] seen=1677421 kept=1677421 (steady)
[consumer] seen=1811174 kept=1811174 (steady)
[consumer] seen=1969572 kept=1969572 (steady)
[consumer] seen=2156064 kept=2156064 (steady)
[consumer] seen=2374542 kept=2374542 (steady)
[consumer] seen=2594183 kept=2594183 (steady)
[consumer] seen=2752189 kept=2752189 (steady)
[consumer] seen=2936576 kept=2936576 (steady)
[consumer] seen=3103390 kept=3103390 (steady)
[consumer] seen=3270392 kept=3270392 (steady)
[consumer] seen=3437089 kept=3437089 (steady)
[consumer] seen=3599746 kept=3599746 (steady)
[consumer] seen=3756407 kept=3756407 (steady)
[consumer] seen=3938017 kept=3938017 (steady)
[consumer] seen=4103924 kept=4103924 (steady)
[consumer] seen=4271231 kept=4271231 (steady)
[consumer] seen=4437396 kept=4437396 (steady)
[consumer] seen=4603823 kept=4603823 (steady)

========== LATENCY SUMMARY ==========
{
  "engine": "pyflink-chaos",
  "topic": "output-events",
  "kept_records": 4617038,
  "seen_records": 4617038,
  "window_seconds": 150,
  "warmup_seconds": 0,
  "throughput_eps": 30780.3,
  "pipeline_ms": {
    "count": 4617038,
    "p50": 10.361,
    "p95": 1183.595,
    "p99": 21289.7,
    "max": 23980.923,
    "mean": 706.797
  },
  "e2e_ms": {
    "count": 4617038,
    "p50": 33.983,
    "p95": 1241.623,
    "p99": 21378.903,
    "max": 24033.174,
    "mean": 787.702
  }
}
[consumer] wrote /tmp/pyflink-chaos_latency.csv and /tmp/pyflink-chaos_summary.json
