[consumer] <- bench-kafka-bootstrap.kafka.svc:9092 topic=output-events engine=pyspark-rtm-chaos warmup=0s window=150s
[consumer] seen=109304 kept=109304 (steady)
[consumer] seen=452994 kept=452994 (steady)
[consumer] seen=819094 kept=819094 (steady)
[consumer] seen=1180203 kept=1180203 (steady)
[consumer] seen=1521930 kept=1521930 (steady)
[consumer] seen=1866674 kept=1866674 (steady)
[consumer] seen=2214124 kept=2214124 (steady)
[consumer] seen=2561359 kept=2561359 (steady)
[consumer] seen=2924230 kept=2924230 (steady)
[consumer] seen=3315329 kept=3315329 (steady)
[consumer] seen=3705459 kept=3705459 (steady)
[consumer] seen=4094046 kept=4094046 (steady)
[consumer] seen=4457048 kept=4457048 (steady)
[consumer] seen=4796928 kept=4796928 (steady)
[consumer] seen=5108859 kept=5108859 (steady)
[consumer] seen=5294462 kept=5294462 (steady)
[consumer] seen=5370213 kept=5370213 (steady)
[consumer] seen=5466206 kept=5466206 (steady)
[consumer] seen=5549761 kept=5549761 (steady)
[consumer] seen=5633094 kept=5633094 (steady)
[consumer] seen=5716140 kept=5716140 (steady)
[consumer] seen=5799469 kept=5799469 (steady)
[consumer] seen=5865213 kept=5865213 (steady)
[consumer] seen=5975173 kept=5975173 (steady)
[consumer] seen=6058657 kept=6058657 (steady)
[consumer] seen=6141782 kept=6141782 (steady)
[consumer] seen=6225261 kept=6225261 (steady)
[consumer] seen=6293735 kept=6293735 (steady)

========== LATENCY SUMMARY ==========
{
  "engine": "pyspark-rtm-chaos",
  "topic": "output-events",
  "kept_records": 6302928,
  "seen_records": 6302928,
  "window_seconds": 150,
  "warmup_seconds": 0,
  "throughput_eps": 42019.5,
  "pipeline_ms": {
    "count": 6302928,
    "p50": 191021.348,
    "p95": 572877.351,
    "p99": 605879.446,
    "max": 628898.625,
    "mean": 219124.898
  },
  "e2e_ms": {
    "count": 6302928,
    "p50": 226547.809,
    "p95": 578211.836,
    "p99": 608874.007,
    "max": 629139.307,
    "mean": 237950.878
  }
}
[consumer] wrote /tmp/pyspark-rtm-chaos_latency.csv and /tmp/pyspark-rtm-chaos_summary.json
