[consumer] <- bench-kafka-bootstrap.kafka.svc:9092 topic=output-events engine=pyspark-rtm warmup=20s window=130s
[consumer] seen=72899 kept=0 (warmup)
[consumer] seen=265695 kept=0 (warmup)
[consumer] seen=432949 kept=0 (warmup)
[consumer] seen=599519 kept=22011 (steady)
[consumer] seen=766596 kept=189088 (steady)
[consumer] seen=927756 kept=350248 (steady)
[consumer] seen=1069026 kept=491518 (steady)
[consumer] seen=1257639 kept=680131 (steady)
[consumer] seen=1449952 kept=872444 (steady)
[consumer] seen=1615741 kept=1038233 (steady)
[consumer] seen=1783388 kept=1205880 (steady)
[consumer] seen=1948894 kept=1371386 (steady)
[consumer] seen=2111767 kept=1534259 (steady)
[consumer] seen=2254496 kept=1676988 (steady)
[consumer] seen=2446207 kept=1868699 (steady)
[consumer] seen=2638876 kept=2061368 (steady)
[consumer] seen=2807224 kept=2229716 (steady)
[consumer] seen=2973769 kept=2396261 (steady)
[consumer] seen=3140214 kept=2562706 (steady)
[consumer] seen=3305505 kept=2727997 (steady)
[consumer] seen=3447286 kept=2869778 (steady)
[consumer] seen=3628908 kept=3051400 (steady)
[consumer] seen=3823177 kept=3245669 (steady)
[consumer] seen=3990296 kept=3412788 (steady)
[consumer] seen=4157130 kept=3579622 (steady)
[consumer] seen=4323241 kept=3745733 (steady)
[consumer] seen=4489628 kept=3912120 (steady)

========== LATENCY SUMMARY ==========
{
  "engine": "pyspark-rtm",
  "topic": "output-events",
  "kept_records": 4007354,
  "seen_records": 4584862,
  "window_seconds": 130,
  "warmup_seconds": 20,
  "throughput_eps": 30825.8,
  "pipeline_ms": {
    "count": 4007354,
    "p50": 8.021,
    "p95": 707.102,
    "p99": 933.146,
    "max": 1106.71,
    "mean": 97.472
  },
  "e2e_ms": {
    "count": 4007354,
    "p50": 53.857,
    "p95": 896.9,
    "p99": 1039.677,
    "max": 1381.315,
    "mean": 219.478
  }
}
[consumer] wrote /tmp/pyspark-rtm_latency.csv and /tmp/pyspark-rtm_summary.json
