[consumer] <- bench-kafka-bootstrap.kafka.svc:9092 topic=output-events engine=spark-rtm-scala warmup=20s window=130s
[consumer] seen=44348 kept=0 (warmup)
[consumer] seen=225774 kept=0 (warmup)
[consumer] seen=424637 kept=0 (warmup)
[consumer] seen=617593 kept=41177 (steady)
[consumer] seen=785349 kept=208933 (steady)
[consumer] seen=950676 kept=374260 (steady)
[consumer] seen=1118031 kept=541615 (steady)
[consumer] seen=1282987 kept=706571 (steady)
[consumer] seen=1424040 kept=847624 (steady)
[consumer] seen=1607872 kept=1031456 (steady)
[consumer] seen=1809446 kept=1233030 (steady)
[consumer] seen=1976381 kept=1399965 (steady)
[consumer] seen=2142922 kept=1566506 (steady)
[consumer] seen=2306244 kept=1729828 (steady)
[consumer] seen=2435702 kept=1859286 (steady)
[consumer] seen=2631240 kept=2054824 (steady)
[consumer] seen=2830916 kept=2254500 (steady)
[consumer] seen=2996462 kept=2420046 (steady)
[consumer] seen=3164636 kept=2588220 (steady)
[consumer] seen=3331010 kept=2754594 (steady)
[consumer] seen=3486270 kept=2909854 (steady)
[consumer] seen=3641591 kept=3065175 (steady)
[consumer] seen=3834674 kept=3258258 (steady)
[consumer] seen=4027364 kept=3450948 (steady)
[consumer] seen=4194790 kept=3618374 (steady)
[consumer] seen=4361276 kept=3784860 (steady)
[consumer] seen=4527645 kept=3951229 (steady)

========== LATENCY SUMMARY ==========
{
  "engine": "spark-rtm-scala",
  "topic": "output-events",
  "kept_records": 4008934,
  "seen_records": 4585350,
  "window_seconds": 130,
  "warmup_seconds": 20,
  "throughput_eps": 30838.0,
  "pipeline_ms": {
    "count": 4008934,
    "p50": 7.886,
    "p95": 784.343,
    "p99": 1062.994,
    "max": 1435.712,
    "mean": 112.436
  },
  "e2e_ms": {
    "count": 4008934,
    "p50": 50.279,
    "p95": 985.14,
    "p99": 1200.325,
    "max": 1485.972,
    "mean": 248.119
  }
}
[consumer] wrote /tmp/spark-rtm-scala_latency.csv and /tmp/spark-rtm-scala_summary.json
