[consumer] <- bench-kafka-bootstrap.kafka.svc:9092 topic=output-events engine=spark-rtm-java-chaos warmup=0s window=150s
[consumer] seen=23126 kept=23126 (steady)
[consumer] seen=143620 kept=143620 (steady)
[consumer] seen=246868 kept=246868 (steady)
[consumer] seen=330201 kept=330201 (steady)
[consumer] seen=413117 kept=413117 (steady)
[consumer] seen=496825 kept=496825 (steady)
[consumer] seen=577270 kept=577270 (steady)
[consumer] seen=657447 kept=657447 (steady)
[consumer] seen=739720 kept=739720 (steady)
[consumer] seen=741134 kept=741134 (steady)
[consumer] seen=1071600 kept=1071600 (steady)
[consumer] seen=1168006 kept=1168006 (steady)
[consumer] seen=1272235 kept=1272235 (steady)
[consumer] seen=1355344 kept=1355344 (steady)
[consumer] seen=1438508 kept=1438508 (steady)
[consumer] seen=1511474 kept=1511474 (steady)
[consumer] seen=1602684 kept=1602684 (steady)
[consumer] seen=1699853 kept=1699853 (steady)
[consumer] seen=1782737 kept=1782737 (steady)
[consumer] seen=1866203 kept=1866203 (steady)
[consumer] seen=1949712 kept=1949712 (steady)
[consumer] seen=2013757 kept=2013757 (steady)
[consumer] seen=2115730 kept=2115730 (steady)
[consumer] seen=2225442 kept=2225442 (steady)
[consumer] seen=2309176 kept=2309176 (steady)

========== LATENCY SUMMARY ==========
{
  "engine": "spark-rtm-java-chaos",
  "topic": "output-events",
  "kept_records": 2342565,
  "seen_records": 2342565,
  "window_seconds": 150,
  "warmup_seconds": 0,
  "throughput_eps": 15617.1,
  "pipeline_ms": {
    "count": 2342565,
    "p50": 7.445,
    "p95": 10357.461,
    "p99": 16168.335,
    "max": 21480.919,
    "mean": 1312.02
  },
  "e2e_ms": {
    "count": 2342565,
    "p50": 21.683,
    "p95": 11788.804,
    "p99": 17385.538,
    "max": 21572.61,
    "mean": 1634.227
  }
}
[consumer] wrote /tmp/spark-rtm-java-chaos_latency.csv and /tmp/spark-rtm-java-chaos_summary.json
